Checking whether the CUDA compiler is NVIDIA using "" did not match "nvcc: NVIDIA \(R\) Cuda compiler driver":
Checking whether the CUDA compiler is Clang using "" did not match "(clang version)":
Compiling the CUDA compiler identification source file "CMakeCUDACompilerId.cu" failed.
Compiler: CMAKE_CUDA_COMPILER-NOTFOUND 
Build flags: 
Id flags:  -v

The output was:
No such file or directory


Compiling the CUDA compiler identification source file "CMakeCUDACompilerId.cu" failed.
Compiler: CMAKE_CUDA_COMPILER-NOTFOUND 
Build flags: 
Id flags:  -v

The output was:
No such file or directory


Checking whether the CUDA compiler is NVIDIA using "" did not match "nvcc: NVIDIA \(R\) Cuda compiler driver":
Checking whether the CUDA compiler is Clang using "" did not match "(clang version)":
Compiling the CUDA compiler identification source file "CMakeCUDACompilerId.cu" failed.
Compiler: CMAKE_CUDA_COMPILER-NOTFOUND 
Build flags: 
Id flags:  -v

The output was:
No such file or directory


Compiling the CUDA compiler identification source file "CMakeCUDACompilerId.cu" failed.
Compiler: CMAKE_CUDA_COMPILER-NOTFOUND 
Build flags: 
Id flags:  -v

The output was:
No such file or directory


Performing C SOURCE FILE Test CMAKE_HAVE_LIBC_PTHREAD failed with the following output:
Change Dir: /home/supercb/mycode/CppProjects/learn_cuda/cmake-build-debug/CMakeFiles/CMakeTmp

Run Build Command(s):/usr/bin/make -f Makefile cmTC_c7223/fast && /usr/bin/make  -f CMakeFiles/cmTC_c7223.dir/build.make CMakeFiles/cmTC_c7223.dir/build
make[1]: Entering directory '/home/supercb/mycode/CppProjects/learn_cuda/cmake-build-debug/CMakeFiles/CMakeTmp'
Building C object CMakeFiles/cmTC_c7223.dir/src.c.o
/usr/bin/cc -DCMAKE_HAVE_LIBC_PTHREAD  -fPIC  -o CMakeFiles/cmTC_c7223.dir/src.c.o -c /home/supercb/mycode/CppProjects/learn_cuda/cmake-build-debug/CMakeFiles/CMakeTmp/src.c
Linking C executable cmTC_c7223
/snap/clion/184/bin/cmake/linux/bin/cmake -E cmake_link_script CMakeFiles/cmTC_c7223.dir/link.txt --verbose=1
/usr/bin/cc -fPIC  CMakeFiles/cmTC_c7223.dir/src.c.o -o cmTC_c7223 
/usr/bin/ld: CMakeFiles/cmTC_c7223.dir/src.c.o: in function `main':
src.c:(.text+0x46): undefined reference to `pthread_create'
/usr/bin/ld: src.c:(.text+0x52): undefined reference to `pthread_detach'
/usr/bin/ld: src.c:(.text+0x5e): undefined reference to `pthread_cancel'
/usr/bin/ld: src.c:(.text+0x6f): undefined reference to `pthread_join'
collect2: error: ld returned 1 exit status
make[1]: *** [CMakeFiles/cmTC_c7223.dir/build.make:99: cmTC_c7223] Error 1
make[1]: Leaving directory '/home/supercb/mycode/CppProjects/learn_cuda/cmake-build-debug/CMakeFiles/CMakeTmp'
make: *** [Makefile:127: cmTC_c7223/fast] Error 2


Source file was:
#include <pthread.h>

static void* test_func(void* data)
{
  return data;
}

int main(void)
{
  pthread_t thread;
  pthread_create(&thread, NULL, test_func, NULL);
  pthread_detach(thread);
  pthread_cancel(thread);
  pthread_join(thread, NULL);
  pthread_atfork(NULL, NULL, NULL);
  pthread_exit(NULL);

  return 0;
}

Determining if the function pthread_create exists in the pthreads failed with the following output:
Change Dir: /home/supercb/mycode/CppProjects/learn_cuda/cmake-build-debug/CMakeFiles/CMakeTmp

Run Build Command(s):/usr/bin/make -f Makefile cmTC_e866e/fast && /usr/bin/make  -f CMakeFiles/cmTC_e866e.dir/build.make CMakeFiles/cmTC_e866e.dir/build
make[1]: Entering directory '/home/supercb/mycode/CppProjects/learn_cuda/cmake-build-debug/CMakeFiles/CMakeTmp'
Building C object CMakeFiles/cmTC_e866e.dir/CheckFunctionExists.c.o
/usr/bin/cc   -fPIC -DCHECK_FUNCTION_EXISTS=pthread_create -o CMakeFiles/cmTC_e866e.dir/CheckFunctionExists.c.o -c /snap/clion/184/bin/cmake/linux/share/cmake-3.21/Modules/CheckFunctionExists.c
Linking C executable cmTC_e866e
/snap/clion/184/bin/cmake/linux/bin/cmake -E cmake_link_script CMakeFiles/cmTC_e866e.dir/link.txt --verbose=1
/usr/bin/cc -fPIC -DCHECK_FUNCTION_EXISTS=pthread_create CMakeFiles/cmTC_e866e.dir/CheckFunctionExists.c.o -o cmTC_e866e  -lpthreads 
/usr/bin/ld: cannot find -lpthreads
collect2: error: ld returned 1 exit status
make[1]: *** [CMakeFiles/cmTC_e866e.dir/build.make:99: cmTC_e866e] Error 1
make[1]: Leaving directory '/home/supercb/mycode/CppProjects/learn_cuda/cmake-build-debug/CMakeFiles/CMakeTmp'
make: *** [Makefile:127: cmTC_e866e/fast] Error 2



